<?xml version="1.0" encoding="UTF-8"?>
<!-- Generated by org.testng.reporters.JUnitReportReporter -->
<testsuite hostname="LAPTOP-3HNND56P" failures="0" tests="1" name="apiChaining.EndToEndTest" time="5.180" errors="0" timestamp="26 Jun 2022 06:27:23 GMT" skipped="0">
  <testcase classname="apiChaining.EndToEndTest" name="testEC2" time="5.180"/>
</testsuite> <!-- apiChaining.EndToEndTest -->
